
R version 3.3.1 (2016-06-21) -- "Bug in Your Hair"
Copyright (C) 2016 The R Foundation for Statistical Computing
Platform: x86_64-apple-darwin16.0.0 (64-bit)

R is free software and comes with ABSOLUTELY NO WARRANTY.
You are welcome to redistribute it under certain conditions.
Type 'license()' or 'licence()' for distribution details.

  Natural language support but running in an English locale

R is a collaborative project with many contributors.
Type 'contributors()' for more information and
'citation()' on how to cite R or R packages in publications.

Type 'demo()' for some demos, 'help()' for on-line help, or
'help.start()' for an HTML browser interface to help.
Type 'q()' to quit R.

> library(RColorBrewer)
> library(colorspace)
> library(sciplot)
> library(psych)
> library(car)
> library(reshape)
> library(plyr)
> library(ggplot2)
> 
> #subj,stimulus,timestamp,x,y,duration,prev_sacc_amplitude,aoi_label"
> df = read.table("fxtn-aois.csv",sep=",",header=TRUE)
> 
> df$subj <- factor(df$subj)
> df$stimulus <- factor(df$stimulus)
> df$aoi_label <- factor(df$aoi_label)
> 
> attach(df)
> 
> fit_type1 <- aov(duration ~ (stimulus * aoi_label) + Error(subj/(stimulus)))
> #fit_type1 <- aov(duration ~ (stimulus * aoi_label))
> summary(fit_type1)

Error: subj
         Df Sum Sq Mean Sq
stimulus  2  3.904   1.952

Error: subj:stimulus
                   Df Sum Sq Mean Sq
stimulus            2  1.114   0.557
aoi_label           1  4.533   4.533
stimulus:aoi_label  1  0.267   0.267

Error: Within
                    Df Sum Sq Mean Sq F value Pr(>F)
aoi_label            1  0.134 0.13377   1.119  0.292
stimulus:aoi_label   2  0.155 0.07748   0.648  0.525
Residuals          109 13.028 0.11952               
> #print(model.tables(fit_type1,"means"),digits=3)
> pairwise.t.test(duration, stimulus, paired=FALSE, p.adjust="bonf")

	Pairwise comparisons using t tests with pooled SD 

data:  duration and stimulus 

                  image1 p1   p3  
p1                1.00   -    -   
p3                1.00   1.00 -   
painting1016x1536 1.00   1.00 0.82

P value adjustment method: bonferroni 
> describeBy(x=duration,group=stimulus)
$image1
   vars n mean   sd median trimmed mad  min  max range skew kurtosis   se
X1    1 2 0.15 0.19   0.15    0.15 0.2 0.02 0.28  0.26    0    -2.75 0.13

$p1
   vars  n mean   sd median trimmed  mad  min  max range skew kurtosis   se
X1    1 35 0.34 0.44   0.16    0.26 0.21 0.01 1.83  1.82 1.72     2.37 0.07

$p3
   vars  n mean   sd median trimmed mad  min  max range skew kurtosis   se
X1    1 35  0.2 0.18   0.17    0.18 0.2 0.01 0.61   0.6 0.74    -0.63 0.03

$painting1016x1536
   vars  n mean   sd median trimmed  mad  min  max range skew kurtosis   se
X1    1 47 0.35 0.57   0.19    0.24 0.14 0.01 3.47  3.46 3.97    17.57 0.08

attr(,"call")
by.default(data = x, INDICES = group, FUN = describe, type = type)
> 
> pdf.options(family="NimbusSan",useDingbats=FALSE)
> plotName = "./duration-CI.pdf"
> pdf(plotName)
> bargraph.CI(stimulus,
+             duration,
+             group=aoi_label,
+             data=df,
+             split = FALSE,
+             col = "black",
+             angle = c(45,45),
+             density = c(0,20),
+             lc = FALSE,
+             uc = TRUE,
+             legend = TRUE,
+ #           ylim = c(0,40),
+             xlab = "Stimulus",
+             ylab = "Fixation Duration (sec; with SE)",
+             cex.lab = 1.2,
+             names.arg = c("painting","puntos"),
+             cex.names = 1.1,
+             main = "Fixation Duration in AOIs vs. Image Type"
+ )
